# JRE version: OpenJDK Runtime Environment (17.0.6) (build 17.0.6+0-b2043.56-10027231)
# Java VM: OpenJDK 64-Bit Server VM (17.0.6+0-b2043.56-10027231, mixed mode, tiered, compressed oops, compressed class ptrs, g1 gc, windows-amd64)
GC Precious Log:
 CPUs: 8 total, 8 available
 Memory: 7942M
 Large Page Support: Disabled
 NUMA Support: Disabled
 Compressed Oops: Enabled (32-bit)
 Heap Region Size: 1M
 Heap Min Capacity: 8M
 Heap Initial Capacity: 126M
 Heap Max Capacity: 2G
 Pre-touch: Disabled
 Parallel Workers: 8
 Concurrent Workers: 2
 Concurrent Refinement Workers: 8
 Periodic GC: Disabled
Heap:
 garbage-first heap   total 151552K, used 101355K [0x0000000080000000, 0x0000000100000000)
  region size 1024K, 11 young (11264K), 3 survivors (3072K)
 Metaspace       used 75742K, committed 76544K, reserved 1122304K
  class space    used 10576K, committed 10944K, reserved 1048576K
GC Heap History (20 events):
Event: 6.286 GC heap before
{Heap before GC invocations=18 (full 0):
 garbage-first heap   total 125952K, used 69109K [0x0000000080000000, 0x0000000100000000)
  region size 1024K, 14 young (14336K), 2 survivors (2048K)
 Metaspace       used 46077K, committed 46528K, reserved 1089536K
  class space    used 6126K, committed 6336K, reserved 1048576K
}
Event: 6.290 GC heap after
{Heap after GC invocations=19 (full 0):
 garbage-first heap   total 125952K, used 59388K [0x0000000080000000, 0x0000000100000000)
  region size 1024K, 3 young (3072K), 3 survivors (3072K)
 Metaspace       used 46077K, committed 46528K, reserved 1089536K
  class space    used 6126K, committed 6336K, reserved 1048576K
}
Event: 6.335 GC heap before
{Heap before GC invocations=20 (full 0):
 garbage-first heap   total 125952K, used 62460K [0x0000000080000000, 0x0000000100000000)
  region size 1024K, 4 young (4096K), 3 survivors (3072K)
 Metaspace       used 46077K, committed 46528K, reserved 1089536K
  class space    used 6126K, committed 6336K, reserved 1048576K
}
Event: 6.337 GC heap after
{Heap after GC invocations=21 (full 0):
 garbage-first heap   total 125952K, used 62991K [0x0000000080000000, 0x0000000100000000)
  region size 1024K, 3 young (3072K), 3 survivors (3072K)
 Metaspace       used 46077K, committed 46528K, reserved 1089536K
  class space    used 6126K, committed 6336K, reserved 1048576K
}
Event: 6.446 GC heap before
{Heap before GC invocations=22 (full 0):
 garbage-first heap   total 125952K, used 75279K [0x0000000080000000, 0x0000000100000000)
  region size 1024K, 14 young (14336K), 3 survivors (3072K)
 Metaspace       used 46800K, committed 47232K, reserved 1097728K
  class space    used 6208K, committed 6400K, reserved 1048576K
}
Event: 6.448 GC heap after
{Heap after GC invocations=23 (full 0):
 garbage-first heap   total 125952K, used 67822K [0x0000000080000000, 0x0000000100000000)
  region size 1024K, 4 young (4096K), 4 survivors (4096K)
 Metaspace       used 46800K, committed 47232K, reserved 1097728K
  class space    used 6208K, committed 6400K, reserved 1048576K
}
Event: 6.755 GC heap before
{Heap before GC invocations=24 (full 0):
 garbage-first heap   total 125952K, used 94446K [0x0000000080000000, 0x0000000100000000)
  region size 1024K, 29 young (29696K), 4 survivors (4096K)
 Metaspace       used 49095K, committed 49600K, reserved 1097728K
  class space    used 6441K, committed 6656K, reserved 1048576K
}
Event: 6.758 GC heap after
{Heap after GC invocations=25 (full 0):
 garbage-first heap   total 125952K, used 68881K [0x0000000080000000, 0x0000000100000000)
  region size 1024K, 3 young (3072K), 3 survivors (3072K)
 Metaspace       used 49095K, committed 49600K, reserved 1097728K
  class space    used 6441K, committed 6656K, reserved 1048576K
}
Event: 7.194 GC heap before
{Heap before GC invocations=25 (full 0):
 garbage-first heap   total 125952K, used 96529K [0x0000000080000000, 0x0000000100000000)
  region size 1024K, 30 young (30720K), 3 survivors (3072K)
 Metaspace       used 52147K, committed 52736K, reserved 1097728K
  class space    used 6985K, committed 7232K, reserved 1048576K
}
Event: 7.197 GC heap after
{Heap after GC invocations=26 (full 0):
 garbage-first heap   total 151552K, used 71327K [0x0000000080000000, 0x0000000100000000)
  region size 1024K, 4 young (4096K), 4 survivors (4096K)
 Metaspace       used 52147K, committed 52736K, reserved 1097728K
  class space    used 6985K, committed 7232K, reserved 1048576K
}
Event: 8.985 GC heap before
{Heap before GC invocations=27 (full 0):
 garbage-first heap   total 151552K, used 114335K [0x0000000080000000, 0x0000000100000000)
  region size 1024K, 46 young (47104K), 4 survivors (4096K)
 Metaspace       used 59097K, committed 59712K, reserved 1105920K
  class space    used 7911K, committed 8192K, reserved 1048576K
}
Event: 8.990 GC heap after
{Heap after GC invocations=28 (full 0):
 garbage-first heap   total 151552K, used 75293K [0x0000000080000000, 0x0000000100000000)
  region size 1024K, 6 young (6144K), 6 survivors (6144K)
 Metaspace       used 59097K, committed 59712K, reserved 1105920K
  class space    used 7911K, committed 8192K, reserved 1048576K
}
Event: 9.767 GC heap before
{Heap before GC invocations=28 (full 0):
 garbage-first heap   total 151552K, used 117277K [0x0000000080000000, 0x0000000100000000)
  region size 1024K, 48 young (49152K), 6 survivors (6144K)
 Metaspace       used 65209K, committed 65856K, reserved 1105920K
  class space    used 9021K, committed 9280K, reserved 1048576K
}
Event: 9.772 GC heap after
{Heap after GC invocations=29 (full 0):
 garbage-first heap   total 151552K, used 78322K [0x0000000080000000, 0x0000000100000000)
  region size 1024K, 4 young (4096K), 4 survivors (4096K)
 Metaspace       used 65209K, committed 65856K, reserved 1105920K
  class space    used 9021K, committed 9280K, reserved 1048576K
}
Event: 10.366 GC heap before
{Heap before GC invocations=30 (full 0):
 garbage-first heap   total 151552K, used 123378K [0x0000000080000000, 0x0000000100000000)
  region size 1024K, 44 young (45056K), 4 survivors (4096K)
 Metaspace       used 70209K, committed 70848K, reserved 1114112K
  class space    used 9869K, committed 10176K, reserved 1048576K
}
Event: 10.369 GC heap after
{Heap after GC invocations=31 (full 0):
 garbage-first heap   total 151552K, used 87219K [0x0000000080000000, 0x0000000100000000)
  region size 1024K, 6 young (6144K), 6 survivors (6144K)
 Metaspace       used 70209K, committed 70848K, reserved 1114112K
  class space    used 9869K, committed 10176K, reserved 1048576K
}
Event: 10.380 GC heap before
{Heap before GC invocations=31 (full 0):
 garbage-first heap   total 151552K, used 87219K [0x0000000080000000, 0x0000000100000000)
  region size 1024K, 7 young (7168K), 6 survivors (6144K)
 Metaspace       used 70299K, committed 70976K, reserved 1114112K
  class space    used 9878K, committed 10240K, reserved 1048576K
}
Event: 10.384 GC heap after
{Heap after GC invocations=32 (full 0):
 garbage-first heap   total 151552K, used 88146K [0x0000000080000000, 0x0000000100000000)
  region size 1024K, 1 young (1024K), 1 survivors (1024K)
 Metaspace       used 70299K, committed 70976K, reserved 1114112K
  class space    used 9878K, committed 10240K, reserved 1048576K
}
Event: 10.794 GC heap before
{Heap before GC invocations=32 (full 0):
 garbage-first heap   total 151552K, used 120914K [0x0000000080000000, 0x0000000100000000)
  region size 1024K, 33 young (33792K), 1 survivors (1024K)
 Metaspace       used 75692K, committed 76416K, reserved 1114112K
  class space    used 10571K, committed 10944K, reserved 1048576K
}
Event: 10.796 GC heap after
{Heap after GC invocations=33 (full 0):
 garbage-first heap   total 151552K, used 90091K [0x0000000080000000, 0x0000000100000000)
  region size 1024K, 3 young (3072K), 3 survivors (3072K)
 Metaspace       used 75692K, committed 76416K, reserved 1114112K
  class space    used 10571K, committed 10944K, reserved 1048576K
}

